0 info it worked if it ends with ok
1 verbose cli [ 'C:\\Program Files\\nodejs\\node.exe',
1 verbose cli   'C:\\Program Files\\nodejs\\node_modules\\npm\\bin\\npm-cli.js',
1 verbose cli   'install' ]
2 info using npm@3.10.3
3 info using node@v6.3.1
4 silly loadCurrentTree Starting
5 silly install loadCurrentTree
6 silly install readLocalPackageData
7 silly install normalizeTree
8 silly loadCurrentTree Finishing
9 silly loadIdealTree Starting
10 silly install loadIdealTree
11 silly cloneCurrentTree Starting
12 silly install cloneCurrentTreeToIdealTree
13 silly cloneCurrentTree Finishing
14 silly loadShrinkwrap Starting
15 silly install loadShrinkwrap
16 silly loadShrinkwrap Finishing
17 silly loadAllDepsIntoIdealTree Starting
18 silly install loadAllDepsIntoIdealTree
19 silly fetchNamedPackageData http
20 silly mapToRegistry name http
21 silly mapToRegistry using default registry
22 silly mapToRegistry registry https://registry.npmjs.org/
23 silly mapToRegistry data Result {
23 silly mapToRegistry   raw: 'http',
23 silly mapToRegistry   scope: null,
23 silly mapToRegistry   escapedName: 'http',
23 silly mapToRegistry   name: 'http',
23 silly mapToRegistry   rawSpec: '',
23 silly mapToRegistry   spec: 'latest',
23 silly mapToRegistry   type: 'tag' }
24 silly mapToRegistry uri https://registry.npmjs.org/http
25 verbose request uri https://registry.npmjs.org/http
26 verbose request no auth needed
27 info attempt registry request try #1 at 9:52:47 AM
28 verbose request id 2d6d7d3db64571d4
29 verbose etag "AGWNW9FW0EA9AWNYYEZTIDMKY"
30 http request GET https://registry.npmjs.org/http
31 http 304 https://registry.npmjs.org/http
32 verbose headers { date: 'Mon, 05 Sep 2016 08:52:47 GMT',
32 verbose headers   via: '1.1 varnish',
32 verbose headers   'cache-control': 'max-age=300',
32 verbose headers   etag: '"AGWNW9FW0EA9AWNYYEZTIDMKY"',
32 verbose headers   age: '73',
32 verbose headers   connection: 'keep-alive',
32 verbose headers   'x-served-by': 'cache-lhr6329-LHR',
32 verbose headers   'x-cache': 'HIT',
32 verbose headers   'x-cache-hits': '1',
32 verbose headers   'x-timer': 'S1473065567.360086,VS0,VE0',
32 verbose headers   vary: 'Accept-Encoding' }
33 silly get cb [ 304,
33 silly get   { date: 'Mon, 05 Sep 2016 08:52:47 GMT',
33 silly get     via: '1.1 varnish',
33 silly get     'cache-control': 'max-age=300',
33 silly get     etag: '"AGWNW9FW0EA9AWNYYEZTIDMKY"',
33 silly get     age: '73',
33 silly get     connection: 'keep-alive',
33 silly get     'x-served-by': 'cache-lhr6329-LHR',
33 silly get     'x-cache': 'HIT',
33 silly get     'x-cache-hits': '1',
33 silly get     'x-timer': 'S1473065567.360086,VS0,VE0',
33 silly get     vary: 'Accept-Encoding' } ]
34 verbose etag https://registry.npmjs.org/http from cache
35 verbose get saving http to C:\Users\Sayed Mostafa\AppData\Roaming\npm-cache\registry.npmjs.org\http\.cache.json
36 verbose correctMkdir C:\Users\Sayed Mostafa\AppData\Roaming\npm-cache correctMkdir not in flight; initializing
37 silly fetchNamedPackageData No valid target from cache, forcing network
38 verbose request uri https://registry.npmjs.org/http
39 verbose request no auth needed
40 info attempt registry request try #1 at 9:52:47 AM
41 http request GET https://registry.npmjs.org/http
42 http 200 https://registry.npmjs.org/http
43 verbose headers { server: 'CouchDB/1.6.1 (Erlang OTP/R16B03)',
43 verbose headers   etag: '"AGWNW9FW0EA9AWNYYEZTIDMKY"',
43 verbose headers   'content-type': 'application/json',
43 verbose headers   'content-encoding': 'gzip',
43 verbose headers   'cache-control': 'max-age=300',
43 verbose headers   'content-length': '524',
43 verbose headers   'accept-ranges': 'bytes',
43 verbose headers   date: 'Mon, 05 Sep 2016 08:52:47 GMT',
43 verbose headers   via: '1.1 varnish',
43 verbose headers   age: '73',
43 verbose headers   connection: 'keep-alive',
43 verbose headers   'x-served-by': 'cache-lhr6329-LHR',
43 verbose headers   'x-cache': 'HIT',
43 verbose headers   'x-cache-hits': '2',
43 verbose headers   'x-timer': 'S1473065567.425639,VS0,VE0',
43 verbose headers   vary: 'Accept-Encoding' }
44 silly get cb [ 200,
44 silly get   { server: 'CouchDB/1.6.1 (Erlang OTP/R16B03)',
44 silly get     etag: '"AGWNW9FW0EA9AWNYYEZTIDMKY"',
44 silly get     'content-type': 'application/json',
44 silly get     'content-encoding': 'gzip',
44 silly get     'cache-control': 'max-age=300',
44 silly get     'content-length': '524',
44 silly get     'accept-ranges': 'bytes',
44 silly get     date: 'Mon, 05 Sep 2016 08:52:47 GMT',
44 silly get     via: '1.1 varnish',
44 silly get     age: '73',
44 silly get     connection: 'keep-alive',
44 silly get     'x-served-by': 'cache-lhr6329-LHR',
44 silly get     'x-cache': 'HIT',
44 silly get     'x-cache-hits': '2',
44 silly get     'x-timer': 'S1473065567.425639,VS0,VE0',
44 silly get     vary: 'Accept-Encoding' } ]
45 verbose get saving http to C:\Users\Sayed Mostafa\AppData\Roaming\npm-cache\registry.npmjs.org\http\.cache.json
46 verbose correctMkdir C:\Users\Sayed Mostafa\AppData\Roaming\npm-cache correctMkdir not in flight; initializing
47 silly fetchPackageMetaData Error: No compatible version found: http@^2
47 silly fetchPackageMetaData Valid install targets:
47 silly fetchPackageMetaData 0.0.0
47 silly fetchPackageMetaData
47 silly fetchPackageMetaData     at pickVersionFromRegistryDocument (C:\Program Files\nodejs\node_modules\npm\lib\fetch-package-metadata.js:170:16)
47 silly fetchPackageMetaData     at C:\Program Files\nodejs\node_modules\npm\node_modules\iferr\index.js:13:50
47 silly fetchPackageMetaData     at C:\Program Files\nodejs\node_modules\npm\lib\utils\pulse-till-done.js:20:8
47 silly fetchPackageMetaData     at saved (C:\Program Files\nodejs\node_modules\npm\lib\cache\caching-client.js:174:7)
47 silly fetchPackageMetaData     at C:\Program Files\nodejs\node_modules\npm\node_modules\graceful-fs\polyfills.js:210:7
47 silly fetchPackageMetaData     at FSReqWrap.oncomplete (fs.js:123:15)
47 silly fetchPackageMetaData  error for http@^2 Error: No compatible version found: http@^2
47 silly fetchPackageMetaData Valid install targets:
47 silly fetchPackageMetaData 0.0.0
47 silly fetchPackageMetaData
47 silly fetchPackageMetaData     at pickVersionFromRegistryDocument (C:\Program Files\nodejs\node_modules\npm\lib\fetch-package-metadata.js:170:16)
47 silly fetchPackageMetaData     at C:\Program Files\nodejs\node_modules\npm\node_modules\iferr\index.js:13:50
47 silly fetchPackageMetaData     at C:\Program Files\nodejs\node_modules\npm\lib\utils\pulse-till-done.js:20:8
47 silly fetchPackageMetaData     at saved (C:\Program Files\nodejs\node_modules\npm\lib\cache\caching-client.js:174:7)
47 silly fetchPackageMetaData     at C:\Program Files\nodejs\node_modules\npm\node_modules\graceful-fs\polyfills.js:210:7
47 silly fetchPackageMetaData     at FSReqWrap.oncomplete (fs.js:123:15)
48 silly rollbackFailedOptional Starting
49 silly rollbackFailedOptional Finishing
50 silly runTopLevelLifecycles Starting
51 silly runTopLevelLifecycles Finishing
52 silly install printInstalled
53 verbose stack Error: No compatible version found: http@^2
53 verbose stack Valid install targets:
53 verbose stack 0.0.0
53 verbose stack
53 verbose stack     at pickVersionFromRegistryDocument (C:\Program Files\nodejs\node_modules\npm\lib\fetch-package-metadata.js:170:16)
53 verbose stack     at C:\Program Files\nodejs\node_modules\npm\node_modules\iferr\index.js:13:50
53 verbose stack     at C:\Program Files\nodejs\node_modules\npm\lib\utils\pulse-till-done.js:20:8
53 verbose stack     at saved (C:\Program Files\nodejs\node_modules\npm\lib\cache\caching-client.js:174:7)
53 verbose stack     at C:\Program Files\nodejs\node_modules\npm\node_modules\graceful-fs\polyfills.js:210:7
53 verbose stack     at FSReqWrap.oncomplete (fs.js:123:15)
54 verbose cwd C:\Users\Sayed Mostafa\Desktop\test
55 error Windows_NT 6.1.7601
56 error argv "C:\\Program Files\\nodejs\\node.exe" "C:\\Program Files\\nodejs\\node_modules\\npm\\bin\\npm-cli.js" "install"
57 error node v6.3.1
58 error npm  v3.10.3
59 error No compatible version found: http@^2
59 error Valid install targets:
59 error 0.0.0
60 error If you need help, you may report this error at:
60 error     <https://github.com/npm/npm/issues>
61 verbose exit [ 1, true ]
